[14-08-2025 06:20:32] Starting application.
[14-08-2025 06:20:33] Switching to render mode: full.
[14-08-2025 06:20:36] Loading cache C:\Users\seitz\OneDrive\Desktop\Kronos\kronos-osrs-184\Kronos-master\Cache. 317=false, OSRS=true, interface_rev=-1.
[14-08-2025 06:20:41] Opening interface 233.
[14-08-2025 06:20:44] Selected [component 0].
[14-08-2025 06:20:45] Selected [component 1].
[14-08-2025 06:20:45] Selected [component 2].
[14-08-2025 06:20:46] Selected [component 3 (*)].
[14-08-2025 06:20:46] Selected [component 6].
[14-08-2025 06:20:47] Selected [component 12].
[14-08-2025 06:20:47] Selected [component 0].
[14-08-2025 06:20:51] Selected [component 45].
[14-08-2025 06:20:51] Selected [component 47].
[14-08-2025 06:20:52] Selected [component 49].
[14-08-2025 06:20:53] Selected [component 0].
[14-08-2025 06:20:53] Selected [component 1].
[14-08-2025 06:21:02] Selected [component 36].
[14-08-2025 06:21:04] Selected [component 37].
[14-08-2025 06:21:04] Selected [component 36].
[14-08-2025 06:21:06] Updated property[key=active, value=false]
[14-08-2025 06:21:07] Updated property[key=active, value=true]
[14-08-2025 06:21:10] Closing application.
